[debug] [2020-03-15T11:20:01.718Z] ----------------------------------------------------------------------
[debug] [2020-03-15T11:20:01.720Z] Command:       C:\Program Files\nodejs\node.exe C:\Users\steve_35qi\AppData\Roaming\npm\node_modules\firebase-tools\lib\bin\firebase.js init
[debug] [2020-03-15T11:20:01.720Z] CLI Version:   7.15.0
[debug] [2020-03-15T11:20:01.720Z] Platform:      win32
[debug] [2020-03-15T11:20:01.720Z] Node Version:  v12.16.1
[debug] [2020-03-15T11:20:01.722Z] Time:          Sun Mar 15 2020 11:20:01 GMT+0000 (Greenwich Mean Time)
[debug] [2020-03-15T11:20:01.722Z] ----------------------------------------------------------------------
[debug] [2020-03-15T11:20:01.722Z] 
[debug] [2020-03-15T11:20:01.740Z] > command requires scopes: ["email","openid","https://www.googleapis.com/auth/cloudplatformprojects.readonly","https://www.googleapis.com/auth/firebase","https://www.googleapis.com/auth/cloud-platform"]
[debug] [2020-03-15T11:20:01.743Z] > authorizing via signed-in user
[info] 
     ######## #### ########  ######## ########     ###     ######  ########
     ##        ##  ##     ## ##       ##     ##  ##   ##  ##       ##
     ######    ##  ########  ######   ########  #########  ######  ######
     ##        ##  ##    ##  ##       ##     ## ##     ##       ## ##
     ##       #### ##     ## ######## ########  ##     ##  ######  ########

You're about to initialize a Firebase project in this directory:

  C:\share

Before we get started, keep in mind:

  * You are currently outside your home directory
  * You are initializing in an existing Firebase project directory

[info] 
=== Project Setup
[info] 
[info] First, let's associate this project directory with a Firebase project.
[info] You can create multiple project aliases by running firebase use --add, 
[info] but for now we'll just set up a default project.
[info] 
[info] i  .firebaserc already has a default project, using net-ninja-pwa.
[debug] [2020-03-15T11:20:39.549Z] > refreshing access token with scopes: ["email","https://www.googleapis.com/auth/cloud-platform","https://www.googleapis.com/auth/cloudplatformprojects.readonly","https://www.googleapis.com/auth/firebase","openid"]
[debug] [2020-03-15T11:20:39.550Z] >>> HTTP REQUEST POST https://www.googleapis.com/oauth2/v3/token  
 <request body omitted>
[debug] [2020-03-15T11:20:39.689Z] <<< HTTP RESPONSE 400
[debug] [2020-03-15T11:20:39.691Z] >>> HTTP REQUEST GET https://firebase.googleapis.com/v1beta1/projects/net-ninja-pwa  
 
[debug] [2020-03-15T11:20:39.815Z] <<< HTTP RESPONSE 401
[debug] [2020-03-15T11:20:39.816Z] <<< HTTP RESPONSE BODY
[debug] [2020-03-15T11:20:39.818Z] HTTP Error: 401, Request had invalid authentication credentials. Expected OAuth 2 access token, login cookie or other valid authentication credential. See https://developers.google.com/identity/sign-in/web/devconsole-project.
[debug] [2020-03-15T11:20:39.929Z] FirebaseError: HTTP Error: 401, Request had invalid authentication credentials. Expected OAuth 2 access token, login cookie or other valid authentication credential. See https://developers.google.com/identity/sign-in/web/devconsole-project.
    at module.exports (C:\Users\steve_35qi\AppData\Roaming\npm\node_modules\firebase-tools\lib\responseToError.js:38:12)
    at Request._callback (C:\Users\steve_35qi\AppData\Roaming\npm\node_modules\firebase-tools\lib\api.js:39:35)
    at Request.self.callback (C:\Users\steve_35qi\AppData\Roaming\npm\node_modules\firebase-tools\node_modules\request\request.js:185:22)
    at Request.emit (events.js:311:20)
    at Request.EventEmitter.emit (domain.js:482:12)
    at Request.<anonymous> (C:\Users\steve_35qi\AppData\Roaming\npm\node_modules\firebase-tools\node_modules\request\request.js:1154:10)
    at Request.emit (events.js:311:20)
    at Request.EventEmitter.emit (domain.js:482:12)
    at IncomingMessage.<anonymous> (C:\Users\steve_35qi\AppData\Roaming\npm\node_modules\firebase-tools\node_modules\request\request.js:1076:12)
    at Object.onceWrapper (events.js:417:28)
    at IncomingMessage.emit (events.js:323:22)
    at IncomingMessage.EventEmitter.emit (domain.js:482:12)
    at endReadableNT (_stream_readable.js:1204:12)
    at processTicksAndRejections (internal/process/task_queues.js:84:21)
[error] 
[error] Error: Failed to get Firebase project net-ninja-pwa. Please make sure the project exists and your account has permission to access it.
